This file contains any messages produced by compilers while
running configure, to aid debugging if configure makes a mistake.

It was created by cat_file configure 1.0, which was
generated by GNU Autoconf 2.69.  Invocation command line was

  $ ./configure --no-create --no-recursion

## --------- ##
## Platform. ##
## --------- ##

hostname = yjp-virtual-machine
uname -m = x86_64
uname -r = 4.10.0-38-generic
uname -s = Linux
uname -v = #42~16.04.1-Ubuntu SMP Tue Oct 10 16:32:20 UTC 2017

/usr/bin/uname -p = unknown
/bin/uname -X     = unknown

/bin/arch              = unknown
/usr/bin/arch -k       = unknown
/usr/convex/getsysinfo = unknown
/usr/bin/hostinfo      = unknown
/bin/machine           = unknown
/usr/bin/oslevel       = unknown
/bin/universe          = unknown

PATH: {JAVA_HOME}/bin
PATH: /home/yjp/bin
PATH: /home/yjp/.local/bin
PATH: /usr/local/sbin
PATH: /usr/local/bin
PATH: /usr/sbin
PATH: /usr/bin
PATH: /sbin
PATH: /bin
PATH: /usr/games
PATH: /usr/local/games
PATH: /snap/bin


## ----------- ##
## Core tests. ##
## ----------- ##

configure:2193: checking for a BSD-compatible install
configure:2261: result: /usr/bin/install -c
configure:2272: checking whether build environment is sane
configure:2327: result: yes
configure:2478: checking for a thread-safe mkdir -p
configure:2517: result: /bin/mkdir -p
configure:2524: checking for gawk
configure:2554: result: no
configure:2524: checking for mawk
configure:2540: found /usr/bin/mawk
configure:2551: result: mawk
configure:2562: checking whether make sets $(MAKE)
configure:2584: result: yes
configure:2613: checking whether make supports nested variables
configure:2630: result: yes
configure:2816: checking for g++
configure:2832: found /usr/bin/g++
configure:2843: result: g++
configure:2870: checking for C++ compiler version
configure:2879: g++ --version >&5
g++ (Ubuntu 5.4.0-6ubuntu1~16.04.5) 5.4.0 20160609
Copyright (C) 2015 Free Software Foundation, Inc.
This is free software; see the source for copying conditions.  There is NO
warranty; not even for MERCHANTABILITY or FITNESS FOR A PARTICULAR PURPOSE.

configure:2890: $? = 0
configure:2879: g++ -v >&5
Using built-in specs.
COLLECT_GCC=g++
COLLECT_LTO_WRAPPER=/usr/lib/gcc/x86_64-linux-gnu/5/lto-wrapper
Target: x86_64-linux-gnu
Configured with: ../src/configure -v --with-pkgversion='Ubuntu 5.4.0-6ubuntu1~16.04.5' --with-bugurl=file:///usr/share/doc/gcc-5/README.Bugs --enable-languages=c,ada,c++,java,go,d,fortran,objc,obj-c++ --prefix=/usr --program-suffix=-5 --enable-shared --enable-linker-build-id --libexecdir=/usr/lib --without-included-gettext --enable-threads=posix --libdir=/usr/lib --enable-nls --with-sysroot=/ --enable-clocale=gnu --enable-libstdcxx-debug --enable-libstdcxx-time=yes --with-default-libstdcxx-abi=new --enable-gnu-unique-object --disable-vtable-verify --enable-libmpx --enable-plugin --with-system-zlib --disable-browser-plugin --enable-java-awt=gtk --enable-gtk-cairo --with-java-home=/usr/lib/jvm/java-1.5.0-gcj-5-amd64/jre --enable-java-home --with-jvm-root-dir=/usr/lib/jvm/java-1.5.0-gcj-5-amd64 --with-jvm-jar-dir=/usr/lib/jvm-exports/java-1.5.0-gcj-5-amd64 --with-arch-directory=amd64 --with-ecj-jar=/usr/share/java/eclipse-ecj.jar --enable-objc-gc --enable-multiarch --disable-werror --with-arch-32=i686 --with-abi=m64 --with-multilib-list=m32,m64,mx32 --enable-multilib --with-tune=generic --enable-checking=release --build=x86_64-linux-gnu --host=x86_64-linux-gnu --target=x86_64-linux-gnu
Thread model: posix
gcc version 5.4.0 20160609 (Ubuntu 5.4.0-6ubuntu1~16.04.5) 
configure:2890: $? = 0
configure:2879: g++ -V >&5
g++: error: unrecognized command line option '-V'
g++: fatal error: no input files
compilation terminated.
configure:2890: $? = 1
configure:2879: g++ -qversion >&5
g++: error: unrecognized command line option '-qversion'
g++: fatal error: no input files
compilation terminated.
configure:2890: $? = 1
configure:2910: checking whether the C++ compiler works
configure:2932: g++    conftest.cpp  >&5
configure:2936: $? = 0
configure:2984: result: yes
configure:2987: checking for C++ compiler default output file name
configure:2989: result: a.out
configure:2995: checking for suffix of executables
configure:3002: g++ -o conftest    conftest.cpp  >&5
configure:3006: $? = 0
configure:3028: result: 
configure:3050: checking whether we are cross compiling
configure:3058: g++ -o conftest    conftest.cpp  >&5
configure:3062: $? = 0
configure:3069: ./conftest
configure:3073: $? = 0
configure:3088: result: no
configure:3093: checking for suffix of object files
configure:3115: g++ -c   conftest.cpp >&5
configure:3119: $? = 0
configure:3140: result: o
configure:3144: checking whether we are using the GNU C++ compiler
configure:3163: g++ -c   conftest.cpp >&5
configure:3163: $? = 0
configure:3172: result: yes
configure:3181: checking whether g++ accepts -g
configure:3201: g++ -c -g  conftest.cpp >&5
configure:3201: $? = 0
configure:3242: result: yes
configure:3276: checking for style of include used by make
configure:3304: result: GNU
configure:3330: checking dependency style of g++
configure:3441: result: gcc3
configure:3504: checking for gcc
configure:3520: found /usr/bin/gcc
configure:3531: result: gcc
configure:3760: checking for C compiler version
configure:3769: gcc --version >&5
gcc (Ubuntu 5.4.0-6ubuntu1~16.04.5) 5.4.0 20160609
Copyright (C) 2015 Free Software Foundation, Inc.
This is free software; see the source for copying conditions.  There is NO
warranty; not even for MERCHANTABILITY or FITNESS FOR A PARTICULAR PURPOSE.

configure:3780: $? = 0
configure:3769: gcc -v >&5
Using built-in specs.
COLLECT_GCC=gcc
COLLECT_LTO_WRAPPER=/usr/lib/gcc/x86_64-linux-gnu/5/lto-wrapper
Target: x86_64-linux-gnu
Configured with: ../src/configure -v --with-pkgversion='Ubuntu 5.4.0-6ubuntu1~16.04.5' --with-bugurl=file:///usr/share/doc/gcc-5/README.Bugs --enable-languages=c,ada,c++,java,go,d,fortran,objc,obj-c++ --prefix=/usr --program-suffix=-5 --enable-shared --enable-linker-build-id --libexecdir=/usr/lib --without-included-gettext --enable-threads=posix --libdir=/usr/lib --enable-nls --with-sysroot=/ --enable-clocale=gnu --enable-libstdcxx-debug --enable-libstdcxx-time=yes --with-default-libstdcxx-abi=new --enable-gnu-unique-object --disable-vtable-verify --enable-libmpx --enable-plugin --with-system-zlib --disable-browser-plugin --enable-java-awt=gtk --enable-gtk-cairo --with-java-home=/usr/lib/jvm/java-1.5.0-gcj-5-amd64/jre --enable-java-home --with-jvm-root-dir=/usr/lib/jvm/java-1.5.0-gcj-5-amd64 --with-jvm-jar-dir=/usr/lib/jvm-exports/java-1.5.0-gcj-5-amd64 --with-arch-directory=amd64 --with-ecj-jar=/usr/share/java/eclipse-ecj.jar --enable-objc-gc --enable-multiarch --disable-werror --with-arch-32=i686 --with-abi=m64 --with-multilib-list=m32,m64,mx32 --enable-multilib --with-tune=generic --enable-checking=release --build=x86_64-linux-gnu --host=x86_64-linux-gnu --target=x86_64-linux-gnu
Thread model: posix
gcc version 5.4.0 20160609 (Ubuntu 5.4.0-6ubuntu1~16.04.5) 
configure:3780: $? = 0
configure:3769: gcc -V >&5
gcc: error: unrecognized command line option '-V'
gcc: fatal error: no input files
compilation terminated.
configure:3780: $? = 1
configure:3769: gcc -qversion >&5
gcc: error: unrecognized command line option '-qversion'
gcc: fatal error: no input files
compilation terminated.
configure:3780: $? = 1
configure:3784: checking whether we are using the GNU C compiler
configure:3803: gcc -c   conftest.c >&5
configure:3803: $? = 0
configure:3812: result: yes
configure:3821: checking whether gcc accepts -g
configure:3841: gcc -c -g  conftest.c >&5
configure:3841: $? = 0
configure:3882: result: yes
configure:3899: checking for gcc option to accept ISO C89
configure:3962: gcc  -c -g -O2  conftest.c >&5
configure:3962: $? = 0
configure:3975: result: none needed
configure:4000: checking whether gcc understands -c and -o together
configure:4022: gcc -c conftest.c -o conftest2.o
configure:4025: $? = 0
configure:4022: gcc -c conftest.c -o conftest2.o
configure:4025: $? = 0
configure:4037: result: yes
configure:4056: checking dependency style of gcc
configure:4167: result: gcc3
configure:4192: checking how to run the C preprocessor
configure:4223: gcc -E  conftest.c
configure:4223: $? = 0
configure:4237: gcc -E  conftest.c
conftest.c:11:28: fatal error: ac_nonexistent.h: No such file or directory
compilation terminated.
configure:4237: $? = 1
configure: failed program was:
| /* confdefs.h */
| #define PACKAGE_NAME "cat_file"
| #define PACKAGE_TARNAME "cat_file"
| #define PACKAGE_VERSION "1.0"
| #define PACKAGE_STRING "cat_file 1.0"
| #define PACKAGE_BUGREPORT "yjp19871013@126.com"
| #define PACKAGE_URL ""
| #define PACKAGE "cat_file"
| #define VERSION "1.0"
| /* end confdefs.h.  */
| #include <ac_nonexistent.h>
configure:4262: result: gcc -E
configure:4282: gcc -E  conftest.c
configure:4282: $? = 0
configure:4296: gcc -E  conftest.c
conftest.c:11:28: fatal error: ac_nonexistent.h: No such file or directory
compilation terminated.
configure:4296: $? = 1
configure: failed program was:
| /* confdefs.h */
| #define PACKAGE_NAME "cat_file"
| #define PACKAGE_TARNAME "cat_file"
| #define PACKAGE_VERSION "1.0"
| #define PACKAGE_STRING "cat_file 1.0"
| #define PACKAGE_BUGREPORT "yjp19871013@126.com"
| #define PACKAGE_URL ""
| #define PACKAGE "cat_file"
| #define VERSION "1.0"
| /* end confdefs.h.  */
| #include <ac_nonexistent.h>
configure:4325: checking for grep that handles long lines and -e
configure:4383: result: /bin/grep
configure:4388: checking for egrep
configure:4450: result: /bin/grep -E
configure:4455: checking for ANSI C header files
configure:4475: gcc -c -g -O2  conftest.c >&5
configure:4475: $? = 0
configure:4548: gcc -o conftest -g -O2   conftest.c  >&5
configure:4548: $? = 0
configure:4548: ./conftest
configure:4548: $? = 0
configure:4559: result: yes
configure:4572: checking for sys/types.h
configure:4572: gcc -c -g -O2  conftest.c >&5
configure:4572: $? = 0
configure:4572: result: yes
configure:4572: checking for sys/stat.h
configure:4572: gcc -c -g -O2  conftest.c >&5
configure:4572: $? = 0
configure:4572: result: yes
configure:4572: checking for stdlib.h
configure:4572: gcc -c -g -O2  conftest.c >&5
configure:4572: $? = 0
configure:4572: result: yes
configure:4572: checking for string.h
configure:4572: gcc -c -g -O2  conftest.c >&5
configure:4572: $? = 0
configure:4572: result: yes
configure:4572: checking for memory.h
configure:4572: gcc -c -g -O2  conftest.c >&5
configure:4572: $? = 0
configure:4572: result: yes
configure:4572: checking for strings.h
configure:4572: gcc -c -g -O2  conftest.c >&5
configure:4572: $? = 0
configure:4572: result: yes
configure:4572: checking for inttypes.h
configure:4572: gcc -c -g -O2  conftest.c >&5
configure:4572: $? = 0
configure:4572: result: yes
configure:4572: checking for stdint.h
configure:4572: gcc -c -g -O2  conftest.c >&5
configure:4572: $? = 0
configure:4572: result: yes
configure:4572: checking for unistd.h
configure:4572: gcc -c -g -O2  conftest.c >&5
configure:4572: $? = 0
configure:4572: result: yes
configure:4587: checking for stdlib.h
configure:4587: result: yes
configure:4587: checking for unistd.h
configure:4587: result: yes
configure:4599: checking for mode_t
configure:4599: gcc -c -g -O2  conftest.c >&5
configure:4599: $? = 0
configure:4599: gcc -c -g -O2  conftest.c >&5
conftest.c: In function 'main':
conftest.c:59:21: error: expected expression before ')' token
 if (sizeof ((mode_t)))
                     ^
configure:4599: $? = 1
configure: failed program was:
| /* confdefs.h */
| #define PACKAGE_NAME "cat_file"
| #define PACKAGE_TARNAME "cat_file"
| #define PACKAGE_VERSION "1.0"
| #define PACKAGE_STRING "cat_file 1.0"
| #define PACKAGE_BUGREPORT "yjp19871013@126.com"
| #define PACKAGE_URL ""
| #define PACKAGE "cat_file"
| #define VERSION "1.0"
| #define STDC_HEADERS 1
| #define HAVE_SYS_TYPES_H 1
| #define HAVE_SYS_STAT_H 1
| #define HAVE_STDLIB_H 1
| #define HAVE_STRING_H 1
| #define HAVE_MEMORY_H 1
| #define HAVE_STRINGS_H 1
| #define HAVE_INTTYPES_H 1
| #define HAVE_STDINT_H 1
| #define HAVE_UNISTD_H 1
| #define HAVE_STDLIB_H 1
| #define HAVE_UNISTD_H 1
| /* end confdefs.h.  */
| #include <stdio.h>
| #ifdef HAVE_SYS_TYPES_H
| # include <sys/types.h>
| #endif
| #ifdef HAVE_SYS_STAT_H
| # include <sys/stat.h>
| #endif
| #ifdef STDC_HEADERS
| # include <stdlib.h>
| # include <stddef.h>
| #else
| # ifdef HAVE_STDLIB_H
| #  include <stdlib.h>
| # endif
| #endif
| #ifdef HAVE_STRING_H
| # if !defined STDC_HEADERS && defined HAVE_MEMORY_H
| #  include <memory.h>
| # endif
| # include <string.h>
| #endif
| #ifdef HAVE_STRINGS_H
| # include <strings.h>
| #endif
| #ifdef HAVE_INTTYPES_H
| # include <inttypes.h>
| #endif
| #ifdef HAVE_STDINT_H
| # include <stdint.h>
| #endif
| #ifdef HAVE_UNISTD_H
| # include <unistd.h>
| #endif
| int
| main ()
| {
| if (sizeof ((mode_t)))
| 	    return 0;
|   ;
|   return 0;
| }
configure:4599: result: yes
configure:4612: checking whether lstat correctly handles trailing slash
configure:4638: gcc -o conftest -g -O2   conftest.c  >&5
configure:4638: $? = 0
configure:4638: ./conftest
configure:4638: $? = 0
configure:4655: result: yes
configure:4786: checking that generated files are newer than configure
configure:4792: result: done
configure:4819: creating ./config.status

## ---------------- ##
## Cache variables. ##
## ---------------- ##

ac_cv_c_compiler_gnu=yes
ac_cv_cxx_compiler_gnu=yes
ac_cv_env_CCC_set=
ac_cv_env_CCC_value=
ac_cv_env_CC_set=
ac_cv_env_CC_value=
ac_cv_env_CFLAGS_set=
ac_cv_env_CFLAGS_value=
ac_cv_env_CPPFLAGS_set=
ac_cv_env_CPPFLAGS_value=
ac_cv_env_CPP_set=
ac_cv_env_CPP_value=
ac_cv_env_CXXFLAGS_set=
ac_cv_env_CXXFLAGS_value=
ac_cv_env_CXX_set=
ac_cv_env_CXX_value=
ac_cv_env_LDFLAGS_set=
ac_cv_env_LDFLAGS_value=
ac_cv_env_LIBS_set=
ac_cv_env_LIBS_value=
ac_cv_env_build_alias_set=
ac_cv_env_build_alias_value=
ac_cv_env_host_alias_set=
ac_cv_env_host_alias_value=
ac_cv_env_target_alias_set=
ac_cv_env_target_alias_value=
ac_cv_func_lstat_dereferences_slashed_symlink=yes
ac_cv_header_inttypes_h=yes
ac_cv_header_memory_h=yes
ac_cv_header_stdc=yes
ac_cv_header_stdint_h=yes
ac_cv_header_stdlib_h=yes
ac_cv_header_string_h=yes
ac_cv_header_strings_h=yes
ac_cv_header_sys_stat_h=yes
ac_cv_header_sys_types_h=yes
ac_cv_header_unistd_h=yes
ac_cv_objext=o
ac_cv_path_EGREP='/bin/grep -E'
ac_cv_path_GREP=/bin/grep
ac_cv_path_install='/usr/bin/install -c'
ac_cv_path_mkdir=/bin/mkdir
ac_cv_prog_AWK=mawk
ac_cv_prog_CPP='gcc -E'
ac_cv_prog_ac_ct_CC=gcc
ac_cv_prog_ac_ct_CXX=g++
ac_cv_prog_cc_c89=
ac_cv_prog_cc_g=yes
ac_cv_prog_cxx_g=yes
ac_cv_prog_make_make_set=yes
ac_cv_type_mode_t=yes
am_cv_CC_dependencies_compiler_type=gcc3
am_cv_CXX_dependencies_compiler_type=gcc3
am_cv_make_support_nested_variables=yes
am_cv_prog_cc_c_o=yes

## ----------------- ##
## Output variables. ##
## ----------------- ##

ACLOCAL='${SHELL} /home/yjp/CatFileInfo/missing aclocal-1.15'
AMDEPBACKSLASH='\'
AMDEP_FALSE='#'
AMDEP_TRUE=''
AMTAR='$${TAR-tar}'
AM_BACKSLASH='\'
AM_DEFAULT_V='$(AM_DEFAULT_VERBOSITY)'
AM_DEFAULT_VERBOSITY='1'
AM_V='$(V)'
AUTOCONF='${SHELL} /home/yjp/CatFileInfo/missing autoconf'
AUTOHEADER='${SHELL} /home/yjp/CatFileInfo/missing autoheader'
AUTOMAKE='${SHELL} /home/yjp/CatFileInfo/missing automake-1.15'
AWK='mawk'
CC='gcc'
CCDEPMODE='depmode=gcc3'
CFLAGS='-g -O2'
CPP='gcc -E'
CPPFLAGS=''
CXX='g++'
CXXDEPMODE='depmode=gcc3'
CXXFLAGS='-g -O2'
CYGPATH_W='echo'
DEFS='-DHAVE_CONFIG_H'
DEPDIR='.deps'
ECHO_C=''
ECHO_N='-n'
ECHO_T=''
EGREP='/bin/grep -E'
EXEEXT=''
GREP='/bin/grep'
INSTALL_DATA='${INSTALL} -m 644'
INSTALL_PROGRAM='${INSTALL}'
INSTALL_SCRIPT='${INSTALL}'
INSTALL_STRIP_PROGRAM='$(install_sh) -c -s'
LDFLAGS=''
LIBOBJS=''
LIBS=''
LTLIBOBJS=''
MAKEINFO='${SHELL} /home/yjp/CatFileInfo/missing makeinfo'
MKDIR_P='/bin/mkdir -p'
OBJEXT='o'
PACKAGE='cat_file'
PACKAGE_BUGREPORT='yjp19871013@126.com'
PACKAGE_NAME='cat_file'
PACKAGE_STRING='cat_file 1.0'
PACKAGE_TARNAME='cat_file'
PACKAGE_URL=''
PACKAGE_VERSION='1.0'
PATH_SEPARATOR=':'
SET_MAKE=''
SHELL='/bin/bash'
STRIP=''
VERSION='1.0'
ac_ct_CC='gcc'
ac_ct_CXX='g++'
am__EXEEXT_FALSE=''
am__EXEEXT_TRUE='#'
am__fastdepCC_FALSE='#'
am__fastdepCC_TRUE=''
am__fastdepCXX_FALSE='#'
am__fastdepCXX_TRUE=''
am__include='include'
am__isrc=''
am__leading_dot='.'
am__nodep='_no'
am__quote=''
am__tar='$${TAR-tar} chof - "$$tardir"'
am__untar='$${TAR-tar} xf -'
bindir='${exec_prefix}/bin'
build_alias=''
datadir='${datarootdir}'
datarootdir='${prefix}/share'
docdir='${datarootdir}/doc/${PACKAGE_TARNAME}'
dvidir='${docdir}'
exec_prefix='${prefix}'
host_alias=''
htmldir='${docdir}'
includedir='${prefix}/include'
infodir='${datarootdir}/info'
install_sh='${SHELL} /home/yjp/CatFileInfo/install-sh'
libdir='${exec_prefix}/lib'
libexecdir='${exec_prefix}/libexec'
localedir='${datarootdir}/locale'
localstatedir='${prefix}/var'
mandir='${datarootdir}/man'
mkdir_p='$(MKDIR_P)'
oldincludedir='/usr/include'
pdfdir='${docdir}'
prefix='/usr/local'
program_transform_name='s,x,x,'
psdir='${docdir}'
runstatedir='${localstatedir}/run'
sbindir='${exec_prefix}/sbin'
sharedstatedir='${prefix}/com'
sysconfdir='${prefix}/etc'
target_alias=''

## ----------- ##
## confdefs.h. ##
## ----------- ##

/* confdefs.h */
#define PACKAGE_NAME "cat_file"
#define PACKAGE_TARNAME "cat_file"
#define PACKAGE_VERSION "1.0"
#define PACKAGE_STRING "cat_file 1.0"
#define PACKAGE_BUGREPORT "yjp19871013@126.com"
#define PACKAGE_URL ""
#define PACKAGE "cat_file"
#define VERSION "1.0"
#define STDC_HEADERS 1
#define HAVE_SYS_TYPES_H 1
#define HAVE_SYS_STAT_H 1
#define HAVE_STDLIB_H 1
#define HAVE_STRING_H 1
#define HAVE_MEMORY_H 1
#define HAVE_STRINGS_H 1
#define HAVE_INTTYPES_H 1
#define HAVE_STDINT_H 1
#define HAVE_UNISTD_H 1
#define HAVE_STDLIB_H 1
#define HAVE_UNISTD_H 1
#define LSTAT_FOLLOWS_SLASHED_SYMLINK 1

configure: exit 0

## ---------------------- ##
## Running config.status. ##
## ---------------------- ##

This file was extended by cat_file config.status 1.0, which was
generated by GNU Autoconf 2.69.  Invocation command line was

  CONFIG_FILES    = 
  CONFIG_HEADERS  = 
  CONFIG_LINKS    = 
  CONFIG_COMMANDS = 
  $ ./config.status 

on yjp-virtual-machine

config.status:863: creating Makefile
config.status:863: creating src/Makefile
config.status:863: creating config.h
config.status:1044: config.h is unchanged
config.status:1092: executing depfiles commands

## ---------------------- ##
## Running config.status. ##
## ---------------------- ##

This file was extended by cat_file config.status 1.0, which was
generated by GNU Autoconf 2.69.  Invocation command line was

  CONFIG_FILES    = 
  CONFIG_HEADERS  = 
  CONFIG_LINKS    = 
  CONFIG_COMMANDS = 
  $ ./config.status config.h

on yjp-virtual-machine

config.status:863: creating config.h
config.status:1044: config.h is unchanged
